Start testing: Feb 10 21:33 MSK
----------------------------------------------------------
1/23 Testing: test1
1/23 Test: test1
Command: "/Users/ilmira/Desktop/json-c/tests/test1.test"
Directory: /Users/ilmira/Desktop/json-c/tests
"test1" start time: Feb 10 21:33 MSK
Output:
----------------------------------------------------------
<end of output>
Test time =  14.99 sec
----------------------------------------------------------
Test Passed.
"test1" end time: Feb 10 21:33 MSK
"test1" time elapsed: 00:00:14
----------------------------------------------------------

2/23 Testing: test2
2/23 Test: test2
Command: "/Users/ilmira/Desktop/json-c/tests/test2.test"
Directory: /Users/ilmira/Desktop/json-c/tests
"test2" start time: Feb 10 21:33 MSK
Output:
----------------------------------------------------------
<end of output>
Test time =   9.91 sec
----------------------------------------------------------
Test Passed.
"test2" end time: Feb 10 21:34 MSK
"test2" time elapsed: 00:00:09
----------------------------------------------------------

3/23 Testing: test4
3/23 Test: test4
Command: "/Users/ilmira/Desktop/json-c/tests/test4.test"
Directory: /Users/ilmira/Desktop/json-c/tests
"test4" start time: Feb 10 21:34 MSK
Output:
----------------------------------------------------------
<end of output>
Test time =   3.08 sec
----------------------------------------------------------
Test Passed.
"test4" end time: Feb 10 21:34 MSK
"test4" time elapsed: 00:00:03
----------------------------------------------------------

4/23 Testing: testReplaceExisting
4/23 Test: testReplaceExisting
Command: "/Users/ilmira/Desktop/json-c/tests/testReplaceExisting.test"
Directory: /Users/ilmira/Desktop/json-c/tests
"testReplaceExisting" start time: Feb 10 21:34 MSK
Output:
----------------------------------------------------------
<end of output>
Test time =   1.93 sec
----------------------------------------------------------
Test Passed.
"testReplaceExisting" end time: Feb 10 21:34 MSK
"testReplaceExisting" time elapsed: 00:00:01
----------------------------------------------------------

5/23 Testing: test_cast
5/23 Test: test_cast
Command: "/Users/ilmira/Desktop/json-c/tests/test_cast.test"
Directory: /Users/ilmira/Desktop/json-c/tests
"test_cast" start time: Feb 10 21:34 MSK
Output:
----------------------------------------------------------
<end of output>
Test time =   1.86 sec
----------------------------------------------------------
Test Passed.
"test_cast" end time: Feb 10 21:34 MSK
"test_cast" time elapsed: 00:00:01
----------------------------------------------------------

6/23 Testing: test_charcase
6/23 Test: test_charcase
Command: "/Users/ilmira/Desktop/json-c/tests/test_charcase.test"
Directory: /Users/ilmira/Desktop/json-c/tests
"test_charcase" start time: Feb 10 21:34 MSK
Output:
----------------------------------------------------------
<end of output>
Test time =   1.70 sec
----------------------------------------------------------
Test Passed.
"test_charcase" end time: Feb 10 21:34 MSK
"test_charcase" time elapsed: 00:00:01
----------------------------------------------------------

7/23 Testing: test_compare
7/23 Test: test_compare
Command: "/Users/ilmira/Desktop/json-c/tests/test_compare.test"
Directory: /Users/ilmira/Desktop/json-c/tests
"test_compare" start time: Feb 10 21:34 MSK
Output:
----------------------------------------------------------
<end of output>
Test time =   1.64 sec
----------------------------------------------------------
Test Passed.
"test_compare" end time: Feb 10 21:34 MSK
"test_compare" time elapsed: 00:00:01
----------------------------------------------------------

8/23 Testing: test_deep_copy
8/23 Test: test_deep_copy
Command: "/Users/ilmira/Desktop/json-c/tests/test_deep_copy.test"
Directory: /Users/ilmira/Desktop/json-c/tests
"test_deep_copy" start time: Feb 10 21:34 MSK
Output:
----------------------------------------------------------
<end of output>
Test time =   2.87 sec
----------------------------------------------------------
Test Passed.
"test_deep_copy" end time: Feb 10 21:34 MSK
"test_deep_copy" time elapsed: 00:00:02
----------------------------------------------------------

9/23 Testing: test_double_serializer
9/23 Test: test_double_serializer
Command: "/Users/ilmira/Desktop/json-c/tests/test_double_serializer.test"
Directory: /Users/ilmira/Desktop/json-c/tests
"test_double_serializer" start time: Feb 10 21:34 MSK
Output:
----------------------------------------------------------
<end of output>
Test time =   2.26 sec
----------------------------------------------------------
Test Passed.
"test_double_serializer" end time: Feb 10 21:34 MSK
"test_double_serializer" time elapsed: 00:00:02
----------------------------------------------------------

10/23 Testing: test_float
10/23 Test: test_float
Command: "/Users/ilmira/Desktop/json-c/tests/test_float.test"
Directory: /Users/ilmira/Desktop/json-c/tests
"test_float" start time: Feb 10 21:34 MSK
Output:
----------------------------------------------------------
<end of output>
Test time =   1.63 sec
----------------------------------------------------------
Test Passed.
"test_float" end time: Feb 10 21:34 MSK
"test_float" time elapsed: 00:00:01
----------------------------------------------------------

11/23 Testing: test_int_add
11/23 Test: test_int_add
Command: "/Users/ilmira/Desktop/json-c/tests/test_int_add.test"
Directory: /Users/ilmira/Desktop/json-c/tests
"test_int_add" start time: Feb 10 21:34 MSK
Output:
----------------------------------------------------------
<end of output>
Test time =   1.66 sec
----------------------------------------------------------
Test Passed.
"test_int_add" end time: Feb 10 21:34 MSK
"test_int_add" time elapsed: 00:00:01
----------------------------------------------------------

12/23 Testing: test_json_pointer
12/23 Test: test_json_pointer
Command: "/Users/ilmira/Desktop/json-c/tests/test_json_pointer.test"
Directory: /Users/ilmira/Desktop/json-c/tests
"test_json_pointer" start time: Feb 10 21:34 MSK
Output:
----------------------------------------------------------
<end of output>
Test time =   1.75 sec
----------------------------------------------------------
Test Passed.
"test_json_pointer" end time: Feb 10 21:34 MSK
"test_json_pointer" time elapsed: 00:00:01
----------------------------------------------------------

13/23 Testing: test_locale
13/23 Test: test_locale
Command: "/Users/ilmira/Desktop/json-c/tests/test_locale.test"
Directory: /Users/ilmira/Desktop/json-c/tests
"test_locale" start time: Feb 10 21:34 MSK
Output:
----------------------------------------------------------
<end of output>
Test time =   2.25 sec
----------------------------------------------------------
Test Passed.
"test_locale" end time: Feb 10 21:34 MSK
"test_locale" time elapsed: 00:00:02
----------------------------------------------------------

14/23 Testing: test_null
14/23 Test: test_null
Command: "/Users/ilmira/Desktop/json-c/tests/test_null.test"
Directory: /Users/ilmira/Desktop/json-c/tests
"test_null" start time: Feb 10 21:34 MSK
Output:
----------------------------------------------------------
<end of output>
Test time =   2.59 sec
----------------------------------------------------------
Test Passed.
"test_null" end time: Feb 10 21:34 MSK
"test_null" time elapsed: 00:00:02
----------------------------------------------------------

15/23 Testing: test_parse
15/23 Test: test_parse
Command: "/Users/ilmira/Desktop/json-c/tests/test_parse.test"
Directory: /Users/ilmira/Desktop/json-c/tests
"test_parse" start time: Feb 10 21:34 MSK
Output:
----------------------------------------------------------
<end of output>
Test time =   1.94 sec
----------------------------------------------------------
Test Passed.
"test_parse" end time: Feb 10 21:34 MSK
"test_parse" time elapsed: 00:00:01
----------------------------------------------------------

16/23 Testing: test_parse_int64
16/23 Test: test_parse_int64
Command: "/Users/ilmira/Desktop/json-c/tests/test_parse_int64.test"
Directory: /Users/ilmira/Desktop/json-c/tests
"test_parse_int64" start time: Feb 10 21:34 MSK
Output:
----------------------------------------------------------
<end of output>
Test time =   1.71 sec
----------------------------------------------------------
Test Passed.
"test_parse_int64" end time: Feb 10 21:34 MSK
"test_parse_int64" time elapsed: 00:00:01
----------------------------------------------------------

17/23 Testing: test_printbuf
17/23 Test: test_printbuf
Command: "/Users/ilmira/Desktop/json-c/tests/test_printbuf.test"
Directory: /Users/ilmira/Desktop/json-c/tests
"test_printbuf" start time: Feb 10 21:34 MSK
Output:
----------------------------------------------------------
ERROR: valgrind found errors during execution:
<end of output>
Test time =   1.76 sec
----------------------------------------------------------
Test Failed.
"test_printbuf" end time: Feb 10 21:34 MSK
"test_printbuf" time elapsed: 00:00:01
----------------------------------------------------------

18/23 Testing: test_set_serializer
18/23 Test: test_set_serializer
Command: "/Users/ilmira/Desktop/json-c/tests/test_set_serializer.test"
Directory: /Users/ilmira/Desktop/json-c/tests
"test_set_serializer" start time: Feb 10 21:34 MSK
Output:
----------------------------------------------------------
<end of output>
Test time =   1.93 sec
----------------------------------------------------------
Test Passed.
"test_set_serializer" end time: Feb 10 21:34 MSK
"test_set_serializer" time elapsed: 00:00:01
----------------------------------------------------------

19/23 Testing: test_set_value
19/23 Test: test_set_value
Command: "/Users/ilmira/Desktop/json-c/tests/test_set_value.test"
Directory: /Users/ilmira/Desktop/json-c/tests
"test_set_value" start time: Feb 10 21:34 MSK
Output:
----------------------------------------------------------
12.300000000000001
<end of output>
Test time =   2.58 sec
----------------------------------------------------------
Test Passed.
"test_set_value" end time: Feb 10 21:34 MSK
"test_set_value" time elapsed: 00:00:02
----------------------------------------------------------

20/23 Testing: test_strerror
20/23 Test: test_strerror
Command: "/Users/ilmira/Desktop/json-c/tests/test_strerror.test"
Directory: /Users/ilmira/Desktop/json-c/tests
"test_strerror" start time: Feb 10 21:34 MSK
Output:
----------------------------------------------------------
<end of output>
Test time =   1.96 sec
----------------------------------------------------------
Test Passed.
"test_strerror" end time: Feb 10 21:34 MSK
"test_strerror" time elapsed: 00:00:01
----------------------------------------------------------

21/23 Testing: test_util_file
21/23 Test: test_util_file
Command: "/Users/ilmira/Desktop/json-c/tests/test_util_file.test"
Directory: /Users/ilmira/Desktop/json-c/tests
"test_util_file" start time: Feb 10 21:34 MSK
Output:
----------------------------------------------------------
<end of output>
Test time =   1.71 sec
----------------------------------------------------------
Test Passed.
"test_util_file" end time: Feb 10 21:34 MSK
"test_util_file" time elapsed: 00:00:01
----------------------------------------------------------

22/23 Testing: test_visit
22/23 Test: test_visit
Command: "/Users/ilmira/Desktop/json-c/tests/test_visit.test"
Directory: /Users/ilmira/Desktop/json-c/tests
"test_visit" start time: Feb 10 21:34 MSK
Output:
----------------------------------------------------------
ERROR: invalid return value from json_c_visit userfunc: 100
<end of output>
Test time =   1.65 sec
----------------------------------------------------------
Test Passed.
"test_visit" end time: Feb 10 21:34 MSK
"test_visit" time elapsed: 00:00:01
----------------------------------------------------------

23/23 Testing: test_object_iterator
23/23 Test: test_object_iterator
Command: "/Users/ilmira/Desktop/json-c/tests/test_object_iterator.test"
Directory: /Users/ilmira/Desktop/json-c/tests
"test_object_iterator" start time: Feb 10 21:34 MSK
Output:
----------------------------------------------------------
<end of output>
Test time =   1.61 sec
----------------------------------------------------------
Test Passed.
"test_object_iterator" end time: Feb 10 21:34 MSK
"test_object_iterator" time elapsed: 00:00:01
----------------------------------------------------------

End testing: Feb 10 21:34 MSK
